<?xml version="1.0" encoding="UTF-8"?>
<testsuite xmlns:xsi="http://www.w3.org/2001/XMLSchema-instance" xsi:noNamespaceSchemaLocation="https://maven.apache.org/surefire/maven-surefire-plugin/xsd/surefire-test-report-3.0.xsd" version="3.0" name="com.github.igomarcelino.jwt_nimbus_jose.service.roles.RolesServiceTest" time="2.819" tests="2" errors="0" skipped="0" failures="0">
  <properties>
[...]
</properties>
  <testcase name="getRoleByName_Deve_Retornar_Se_Existente" classname="com.github.igomarcelino.jwt_nimbus_jose.service.roles.RolesServiceTest" time="0.01">
    <system-out><![CDATA[12:11:50.406 [main] INFO org.springframework.test.context.support.AnnotationConfigContextLoaderUtils -- Could not detect default configuration classes for test class [com.github.igomarcelino.jwt_nimbus_jose.service.roles.RolesServiceTest]: RolesServiceTest does not declare any static, non-private, non-final, nested classes annotated with @Configuration.
12:11:50.496 [main] INFO org.springframework.boot.test.context.SpringBootTestContextBootstrapper -- Found @SpringBootConfiguration com.github.igomarcelino.jwt_nimbus_jose.JwtNimbusJoseApplication for test class com.github.igomarcelino.jwt_nimbus_jose.service.roles.RolesServiceTest
12:11:50.587 [main] INFO org.springframework.boot.devtools.restart.RestartApplicationListener -- Restart disabled due to context in which it is running

  .   ____          _            __ _ _
 /\\ / ___'_ __ _ _(_)_ __  __ _ \ \ \ \
( ( )\___ | '_ | '_| | '_ \/ _` | \ \ \ \
 \\/  ___)| |_)| | | | | || (_| |  ) ) ) )
  '  |____| .__|_| |_|_| |_\__, | / / / /
 =========|_|==============|___/=/_/_/_/

&amp#27;[32m :: Spring Boot :: &amp#27;[39m             &amp#27;[2m (v3.5.16)&amp#27;[0;39m

12:11:50.802 [main] INFO  c.g.i.j.s.roles.RolesServiceTest - Starting RolesServiceTest using Java 21.0.3 with PID 49436 (started by igo in /home/igo/Dev/git/study/gitStudy/Languages/Java/Spring/jwt-nimbus-jose)
12:11:50.803 [main] DEBUG c.g.i.j.s.roles.RolesServiceTest - Running with Spring Boot v3.5.16, Spring v6.2.19
12:11:50.803 [main] INFO  c.g.i.j.s.roles.RolesServiceTest - The following 1 profile is active: "test"
12:11:51.695 [main] INFO  com.zaxxer.hikari.HikariDataSource - HikariPool-1 - Starting...
12:11:51.807 [main] INFO  com.zaxxer.hikari.pool.HikariPool - HikariPool-1 - Added connection org.postgresql.jdbc.PgConnection@22b3b5d0
12:11:51.808 [main] INFO  com.zaxxer.hikari.HikariDataSource - HikariPool-1 - Start completed.
Hibernate: 
    set client_min_messages = WARNING
Hibernate: 
    alter table if exists pessoa_role 
       drop constraint if exists FKko0n7cten7vbu0550be60q35d
Hibernate: 
    alter table if exists pessoa_role 
       drop constraint if exists FKb0yn65b7gls0hqu98mnb4txu8
Hibernate: 
    alter table if exists tbl_aviso 
       drop constraint if exists FKlc5cu2vx2txihryngydg9v4ot
Hibernate: 
    drop table if exists pessoa_role cascade
Hibernate: 
    drop table if exists tbl_aviso cascade
Hibernate: 
    drop table if exists tbl_pessoa cascade
Hibernate: 
    drop table if exists tbl_roles cascade
Hibernate: 
    create table pessoa_role (
        id_pessoa bigint not null,
        id_role bigint not null,
        primary key (id_pessoa, id_role)
    )
Hibernate: 
    create table tbl_aviso (
        lido boolean not null,
        id bigint generated by default as identity,
        id_pessoa bigint,
        conteudo varchar(100) not null,
        primary key (id)
    )
Hibernate: 
    create table tbl_pessoa (
        id bigint generated by default as identity,
        cpf varchar(11) not null unique,
        email varchar(30) not null unique,
        nome varchar(30) not null,
        senha varchar(60) not null,
        primary key (id)
    )
Hibernate: 
    create table tbl_roles (
        id bigint generated by default as identity,
        nome varchar(20) not null unique,
        primary key (id)
    )
Hibernate: 
    alter table if exists pessoa_role 
       add constraint FKko0n7cten7vbu0550be60q35d 
       foreign key (id_role) 
       references tbl_roles
Hibernate: 
    alter table if exists pessoa_role 
       add constraint FKb0yn65b7gls0hqu98mnb4txu8 
       foreign key (id_pessoa) 
       references tbl_pessoa
Hibernate: 
    alter table if exists tbl_aviso 
       add constraint FKlc5cu2vx2txihryngydg9v4ot 
       foreign key (id_pessoa) 
       references tbl_pessoa
12:11:53.053 [main] INFO  c.g.i.j.s.roles.RolesServiceTest - Started RolesServiceTest in 2.472 seconds (process running for 3.925)
]]></system-out>
  </testcase>
  <testcase name="getRoleBYName_Deve_Lancar_Exception_Se_Nao_Localizar" classname="com.github.igomarcelino.jwt_nimbus_jose.service.roles.RolesServiceTest" time="0.005"/>
</testsuite>